2025-07-17 10:39:39,304 - MMSA [INFO] - train samples: (16326,)
2025-07-17 10:39:42,542 - MMSA [INFO] - valid samples: (1871,)
2025-07-17 10:39:45,738 - MMSA [INFO] - test samples: (4659,)
2025-07-17 10:41:17,923 - MMSA [INFO] - >> Epoch: 1 TRAIN [1/1] >> total_loss: 0.7551 acc_7: 0.4724 acc_5: 0.4804 acc_2: 0.7674/0.7924 F1_score:  0.7734/0.7918 Corr: 0.6170 MAE: 0.6599
2025-07-17 10:41:22,388 - MMSA [INFO] - VAL-(TLRRB) >> acc_7: 0.5040 acc_5: 0.5195 acc_2: 0.8434/0.847 F1_score:  0.8422/0.8427 Corr: 0.7297 MAE: 0.5548 Loss: 0.6481
2025-07-17 10:42:55,997 - MMSA [INFO] - >> Epoch: 2 TRAIN [1/2] >> total_loss: 0.5994 acc_7: 0.5556 acc_5: 0.5770 acc_2: 0.8317/0.8734 F1_score:  0.8357/0.8728 Corr: 0.7883 MAE: 0.5103
2025-07-17 10:43:00,478 - MMSA [INFO] - VAL-(TLRRB) >> acc_7: 0.5505 acc_5: 0.5671 acc_2: 0.8268/0.8686 F1_score:  0.8322/0.8683 Corr: 0.7531 MAE: 0.5152 Loss: 0.6036
2025-07-17 10:44:33,626 - MMSA [INFO] - >> Epoch: 3 TRAIN [1/3] >> total_loss: 0.5271 acc_7: 0.6134 acc_5: 0.6377 acc_2: 0.8494/0.9009 F1_score:  0.8532/0.9004 Corr: 0.8435 MAE: 0.4402
2025-07-17 10:44:38,100 - MMSA [INFO] - VAL-(TLRRB) >> acc_7: 0.5318 acc_5: 0.5462 acc_2: 0.8375/0.8567 F1_score:  0.8397/0.8549 Corr: 0.7548 MAE: 0.5122 Loss: 0.6031
2025-07-17 10:46:11,402 - MMSA [INFO] - >> Epoch: 4 TRAIN [1/4] >> total_loss: 0.4641 acc_7: 0.6588 acc_5: 0.6837 acc_2: 0.8656/0.9232 F1_score:  0.8691/0.9229 Corr: 0.8809 MAE: 0.3827
2025-07-17 10:46:15,923 - MMSA [INFO] - VAL-(TLRRB) >> acc_7: 0.5457 acc_5: 0.5585 acc_2: 0.8049/0.847 F1_score:  0.8106/0.8459 Corr: 0.7460 MAE: 0.5202 Loss: 0.6100
2025-07-17 10:47:45,940 - MMSA [INFO] - >> Epoch: 5 TRAIN [2/5] >> total_loss: 0.4167 acc_7: 0.6988 acc_5: 0.7247 acc_2: 0.8707/0.9347 F1_score:  0.8743/0.9345 Corr: 0.9054 MAE: 0.3393
2025-07-17 10:47:50,458 - MMSA [INFO] - VAL-(TLRRB) >> acc_7: 0.5265 acc_5: 0.5436 acc_2: 0.7916/0.8401 F1_score:  0.8007/0.8415 Corr: 0.7486 MAE: 0.5413 Loss: 0.6325
2025-07-17 10:49:21,275 - MMSA [INFO] - >> Epoch: 6 TRAIN [3/6] >> total_loss: 0.3775 acc_7: 0.7291 acc_5: 0.7546 acc_2: 0.875/0.9467 F1_score:  0.8787/0.9465 Corr: 0.9241 MAE: 0.3038
2025-07-17 10:49:25,770 - MMSA [INFO] - VAL-(TLRRB) >> acc_7: 0.5179 acc_5: 0.5339 acc_2: 0.8263/0.8519 F1_score:  0.8305/0.8511 Corr: 0.7526 MAE: 0.5517 Loss: 0.6381
2025-07-17 10:50:55,560 - MMSA [INFO] - >> Epoch: 7 TRAIN [4/7] >> total_loss: 0.342 acc_7: 0.7662 acc_5: 0.7902 acc_2: 0.8803/0.9567 F1_score:  0.884/0.9566 Corr: 0.9398 MAE: 0.2697
2025-07-17 10:51:00,067 - MMSA [INFO] - VAL-(TLRRB) >> acc_7: 0.5281 acc_5: 0.5425 acc_2: 0.8332/0.8505 F1_score:  0.8354/0.8484 Corr: 0.7466 MAE: 0.5381 Loss: 0.6265
2025-07-17 10:52:31,194 - MMSA [INFO] - >> Epoch: 8 TRAIN [5/8] >> total_loss: 0.3119 acc_7: 0.7922 acc_5: 0.8164 acc_2: 0.8869/0.9649 F1_score:  0.8904/0.9648 Corr: 0.9498 MAE: 0.2439
2025-07-17 10:52:35,550 - MMSA [INFO] - VAL-(TLRRB) >> acc_7: 0.5302 acc_5: 0.5462 acc_2: 0.8081/0.8477 F1_score:  0.8141/0.8472 Corr: 0.7459 MAE: 0.5473 Loss: 0.6394
2025-07-17 10:54:06,690 - MMSA [INFO] - >> Epoch: 9 TRAIN [6/9] >> total_loss: 0.2881 acc_7: 0.8107 acc_5: 0.8332 acc_2: 0.887/0.9712 F1_score:  0.8906/0.9712 Corr: 0.9585 MAE: 0.2221
2025-07-17 10:54:11,214 - MMSA [INFO] - VAL-(TLRRB) >> acc_7: 0.5291 acc_5: 0.5436 acc_2: 0.7766/0.8359 F1_score:  0.7877/0.8383 Corr: 0.7472 MAE: 0.5317 Loss: 0.6214
2025-07-17 10:55:50,703 - MMSA [INFO] - >> Epoch: 10 TRAIN [7/10] >> total_loss: 0.2621 acc_7: 0.8371 acc_5: 0.8572 acc_2: 0.8907/0.9764 F1_score:  0.8943/0.9763 Corr: 0.9661 MAE: 0.1985
2025-07-17 10:55:55,278 - MMSA [INFO] - VAL-(TLRRB) >> acc_7: 0.5345 acc_5: 0.5489 acc_2: 0.8177/0.8567 F1_score:  0.8239/0.8569 Corr: 0.7508 MAE: 0.5328 Loss: 0.6230
2025-07-17 10:57:30,550 - MMSA [INFO] - >> Epoch: 11 TRAIN [8/11] >> total_loss: 0.2424 acc_7: 0.8596 acc_5: 0.8779 acc_2: 0.8888/0.9816 F1_score:  0.8925/0.9816 Corr: 0.9715 MAE: 0.1786
2025-07-17 10:57:35,062 - MMSA [INFO] - VAL-(TLRRB) >> acc_7: 0.5286 acc_5: 0.5436 acc_2: 0.8188/0.8588 F1_score:  0.8247/0.8587 Corr: 0.7505 MAE: 0.5327 Loss: 0.6271
2025-07-17 10:59:07,992 - MMSA [INFO] - >> Epoch: 12 TRAIN [9/12] >> total_loss: 0.227 acc_7: 0.8692 acc_5: 0.8875 acc_2: 0.8943/0.9847 F1_score:  0.8979/0.9847 Corr: 0.9747 MAE: 0.1681
2025-07-17 10:59:12,534 - MMSA [INFO] - VAL-(TLRRB) >> acc_7: 0.5345 acc_5: 0.5500 acc_2: 0.8097/0.8561 F1_score:  0.8169/0.8565 Corr: 0.7506 MAE: 0.5328 Loss: 0.6221
2025-07-17 11:00:43,236 - MMSA [INFO] - >> Epoch: 13 TRAIN [10/13] >> total_loss: 0.2195 acc_7: 0.8784 acc_5: 0.8950 acc_2: 0.8928/0.9857 F1_score:  0.8965/0.9857 Corr: 0.9770 MAE: 0.1592
2025-07-17 11:00:47,785 - MMSA [INFO] - VAL-(TLRRB) >> acc_7: 0.5329 acc_5: 0.5489 acc_2: 0.8156/0.8526 F1_score:  0.8214/0.8524 Corr: 0.7510 MAE: 0.5294 Loss: 0.6147
2025-07-17 11:00:59,028 - MMSA [INFO] - TEST-(TLRRB) >> acc_7: 0.5332 acc_5: 0.5499 acc_2: 0.839/0.863 F1_score:  0.8406/0.861 Corr: 0.7746 MAE: 0.5314 Loss: 0.6195
2025-07-17 11:01:00,293 - MMSA [INFO] - Results saved to result/normal/mosei.csv.